make.exe all --print-data-base --no-builtin-variables --no-builtin-rules --question
make: *** No rule to make target 'all'.  Stop.

# GNU Make 4.3
# Built for x86_64-pc-cygwin
 
# Copyright (C) 1988-2020 Free Software Foundation, Inc.
# License GPLv3+: GNU GPL version 3 or later <http://gnu.org/licenses/gpl.html>
# This is free software: you are free to change and redistribute it.
# There is NO WARRANTY, to the extent permitted by law.
 

# Make data base, printed on Sun Jun 26 08:51:57 2022

# Variables
 

# environment
SYSTEMDRIVE = C:
# environment
JAVA_HOME = C:\Program Files\Android\Android Studio\jre
# environment
LC_ALL = C
# environment
OCULUSBASE = C:\Program Files\Oculus\
# environment
USERPROFILE = C:\Users\bensi
# environment
JMETER_HOME = C:\Program Files\apache-jmeter-5.4\apache-jmeter-5.4
# environment
LOCALAPPDATA = C:\Users\bensi\AppData\Local
# environment
VSCODE_IPC_HOOK_EXTHOST = \\.\pipe\vscode-ipc-cfec8e43-ce8a-4712-b945-26886448f5ed-sock
# environment
VSCODE_CWD = C:\Users\bensi\AppData\Local\Programs\Microsoft VS Code
# environment
SYSTEMROOT = C:\WINDOWS
# environment
PROCESSOR_LEVEL = 6
# environment
NDK_ROOT = C:\Users\bensi\AppData\Local\Android\Sdk\ndk\21.4.7075529
# environment
PSMODULEPATH = C:\Program Files\WindowsPowerShell\Modules;C:\WINDOWS\system32\WindowsPowerShell\v1.0\Modules;C:\Program Files\Intel\Wired Networking\
# default
MAKE_COMMAND := make
# automatic
@D = $(patsubst %/,%,$(dir $@))
# environment
CHROME_CRASHPAD_PIPE_NAME = \\.\pipe\crashpad_24812_VEQCDDMGEHRYWUEF
# environment
VSCODE_HANDLES_UNCAUGHT_ERRORS = true
# default
.VARIABLES := 
# automatic
%D = $(patsubst %/,%,$(dir $%))
# automatic
^D = $(patsubst %/,%,$(dir $^))
# environment
VSCODE_LOG_STACK = false
# automatic
%F = $(notdir $%)
# environment
VSCODE_CODE_CACHE_PATH = C:\Users\bensi\AppData\Roaming\Code\CachedData\30d9c6cd9483b2cc586687151bcbcd635f373630
# environment
LANG = C
# default
.LOADED := 
# environment
TMP = /cygdrive/c/Users/bensi/AppData/Local/Temp
# default
.INCLUDE_DIRS = /usr/include /usr/include
# makefile
MAKEFLAGS = pqrR
 
# environment
ONEDRIVE = C:\Users\bensi\OneDrive
# makefile
CURDIR := /cygdrive/c/Users/bensi/Desktop/GameDev/LearningProgram/ProgrammeLearning/C++/CPlusPlus-Udemy
# environment
VSCODE_PIPE_LOGGING = true
# environment
APPLICATION_INSIGHTS_NO_DIAGNOSTIC_CHANNEL = true
# automatic
*D = $(patsubst %/,%,$(dir $*))
# environment
PROGRAMFILES = C:\Program Files
# environment
MFLAGS = -pqrR
# default
.SHELLFLAGS := -c
# environment
!C: = c:\Users\bensi\Desktop\GameDev\LearningProgram\ProgrammeLearning\C++\CPlusPlus-Udemy
# environment
COMMONPROGRAMW6432 = C:\Program Files\Common Files
# automatic
+D = $(patsubst %/,%,$(dir $+))
# makefile
MAKEFILE_LIST := 
# automatic
@F = $(notdir $@)
# environment
VSCODE_VERBOSE_LOGGING = true
# environment
VSCODE_PID = 24812
# automatic
?D = $(patsubst %/,%,$(dir $?))
# automatic
*F = $(notdir $*)
# automatic
<D = $(patsubst %/,%,$(dir $<))
# environment
VSCODE_NLS_CONFIG = {"locale":"en-gb","availableLanguages":{},"_languagePackSupport":true}
# environment
ONEDRIVECONSUMER = C:\Users\bensi\OneDrive
# default
MAKE_HOST := x86_64-pc-cygwin
# environment
ANDROID_HOME = C:\Users\bensi\AppData\Local\Android\Sdk
# environment
PROGRAMDATA = C:\ProgramData
# default
SHELL := /bin/sh
# environment
HOMEPATH = \Users\bensi
# default
MAKECMDGOALS := all
# environment
DRIVERDATA = C:\Windows\System32\Drivers\DriverData
# environment
COMSPEC = C:\WINDOWS\system32\cmd.exe
# environment
WINDIR = C:\WINDOWS
# environment
MAKELEVEL := 0
# default
MAKE = $(MAKE_COMMAND)
# environment
PATH = /cygdrive/c/Program Files/Oculus/Support/oculus-runtime:/cygdrive/c/Program Files (x86)/Intel/Intel(R) Management Engine Components/iCLS:/cygdrive/c/Program Files/Intel/Intel(R) Management Engine Components/iCLS:/cygdrive/c/Program Files (x86)/Razer Chroma SDK/bin:/cygdrive/c/Program Files/Razer Chroma SDK/bin:/cygdrive/c/Windows/system32:/cygdrive/c/Windows:/cygdrive/c/Windows/System32/Wbem:/cygdrive/c/Windows/System32/WindowsPowerShell/v1.0:/cygdrive/c/Users/bensi/AppData/Local/Microsoft/WindowsApps:/cygdrive/c/WINDOWS/system32:/cygdrive/c/WINDOWS:/cygdrive/c/WINDOWS/System32/Wbem:/cygdrive/c/WINDOWS/System32/WindowsPowerShell/v1.0:/cygdrive/c/Program Files/Microsoft SQL Server/130/Tools/Binn:/cygdrive/c/WINDOWS/System32/OpenSSH:/cygdrive/c/Program Files/NVIDIA Corporation/NVIDIA NvDLISR:/cygdrive/c/Program Files/Git/cmd:/cygdrive/c/Program Files/Maven/apache-maven-3.6.3/bin:/cygdrive/c/Program Files/Java/jdk-14.0.2/bin:/cygdrive/c/Program Files/apache-jmeter-5.4/apache-jmeter-5.4/bin:/cygdrive/c/Program Files/MySQL/MySQL Server 8.0/bin:/cygdrive/c/Program Files (x86)/NVIDIA Corporation/PhysX/Common:/cygdrive/c/Program Files/dotnet:/cygdrive/c/Program Files/Perforce:/cygdrive/c/Program Files/Common Files/Autodesk Shared:/cygdrive/c/Program Files/Microsoft SQL Server/120/Tools/Binn:/cygdrive/c/Program Files (x86)/Intel/Intel(R) Management Engine Components/DAL:/cygdrive/c/Program Files/Intel/Intel(R) Management Engine Components/DAL:/cygdrive/c/Program Files (x86)/Intel/Intel(R) Management Engine Components/IPT:/cygdrive/c/Program Files/Intel/Intel(R) Management Engine Components/IPT:/cygdrive/c/WINDOWS/system32:/cygdrive/c/WINDOWS:/cygdrive/c/WINDOWS/System32/Wbem:/cygdrive/c/WINDOWS/System32/WindowsPowerShell/v1.0:/cygdrive/c/WINDOWS/System32/OpenSSH:/cygdrive/c/Program Files/Amazon/AWSCLIV2:/cygdrive/c/Program Files (x86)/Microsoft Visual Studio/2017/Community/Common7/IDE/CommonExtensions/Microsoft/CMake/CMake/bin:/cygdrive/c/Program Files (x86)/Microsoft Visual Studio/2017/Community/MSBuild/15.0/Bin:/usr/bin:/cygdrive/c/Program Files/mingw-w64/mingw64/bin:/cygdrive/d/Download/Python/Python385/Scripts:/cygdrive/d/Download/Python/Python385:/cygdrive/c/Users/bensi/AppData/Local/Microsoft/WindowsApps:/cygdrive/c/Users/bensi/AppData/Local/Programs/Microsoft VS Code/bin:/cygdrive/c/Users/bensi/.dotnet/tools:/cygdrive/c/Users/bensi/AppData/Local/GitHubDesktop/bin:/cygdrive/c/Users/bensi/AppData/Local/Android/Sdk/platform-tools:/cygdrive/c/Users/bensi/AppData/Local/Android/Sdk/tools
# environment
ZES_ENABLE_SYSMAN = 1
# environment
COMPUTERNAME = DESKTOP-TED8B4H
# default
MAKEFILES := 
# automatic
^F = $(notdir $^)
# environment
PROMPT = $P$G
# environment
LOGONSERVER = \\DESKTOP-TED8B4H
# environment
VSCODE_LOG_NATIVE = false
# environment
USERNAME = bensi
# environment
COMMONPROGRAMFILES = C:\Program Files\Common Files
# automatic
?F = $(notdir $?)
# environment
PROGRAMW6432 = C:\Program Files
# environment
PATHEXT = .COM;.EXE;.BAT;.CMD;.VBS;.VBE;.JS;.JSE;.WSF;.WSH;.MSC
# automatic
+F = $(notdir $+)
# environment
ORIGINAL_XDG_CURRENT_DESKTOP = undefined
# environment
MAVEN_HOME = C:\Program Files\Maven\apache-maven-3.6.3
# environment
USERDOMAIN = DESKTOP-TED8B4H
# 'override' directive
GNUMAKEFLAGS := 
# environment
OS = Windows_NT
# environment
NDKROOT = C:\Users\bensi\AppData\Local\Android\Sdk\ndk\21.4.7075529
# makefile
.DEFAULT_GOAL := 
# default
MAKE_VERSION := 4.3
# environment
PROGRAMFILES(X86) = C:\Program Files (x86)
# environment
USERDOMAIN_ROAMINGPROFILE = DESKTOP-TED8B4H
# environment
NUMBER_OF_PROCESSORS = 8
# environment
PUBLIC = C:\Users\Public
# environment
APPDATA = C:\Users\bensi\AppData\Roaming
# environment
HOMEDRIVE = C:
# environment
PROCESSOR_ARCHITECTURE = AMD64
# environment
VSCODE_AMD_ENTRYPOINT = vs/workbench/api/node/extensionHostProcess
# environment
LINUX_MULTIARCH_ROOT = C:\UnrealToolchains\v19_clang-11.0.1-centos7\
# environment
HOME = /home/bensi
# environment
COMMONPROGRAMFILES(X86) = C:\Program Files (x86)\Common Files
# environment
ELECTRON_RUN_AS_NODE = 1
# environment
TEMP = /cygdrive/c/Users/bensi/AppData/Local/Temp
# environment
VSCODE_IPC_HOOK = \\.\pipe\dd3803624e550bba4df311c77a050971-1.68.1-main-sock
# environment
TERM = xterm-256color
# default
.RECIPEPREFIX := 
# automatic
<F = $(notdir $<)
# default
SUFFIXES := 
# environment
ALLUSERSPROFILE = C:\ProgramData
# environment
SESSIONNAME = Console
# environment
ADSK_3DSMAX_X64_2022 = C:\Program Files\Autodesk\3ds Max 2022\
# default
.FEATURES := target-specific order-only second-expansion else-if shortest-stem undefine oneshell nocomment grouped-target extra-prereqs archives jobserver output-sync check-symlink guile load
# environment
PROCESSOR_REVISION = 9e09
# environment
PROCESSOR_IDENTIFIER = Intel64 Family 6 Model 158 Stepping 9, GenuineIntel
# variable set hash-table stats:
 
# Load=105/1024=10%, Rehash=0, Collisions=12/129=9%

# Pattern-specific Variable Values

# No pattern-specific variable values.

# Directories

# . (device 1958998290, inode 13510798882225800): 13 files, no impossibilities.

# 13 files, no impossibilities in 1 directories.

# Implicit Rules

# No implicit rules.

# Files

# Not a target:
Makefile:
#  Implicit rule search has been done.
#  File does not exist.
#  File has been updated.
#  Failed to be updated.

# Not a target:
.DEFAULT:
#  Implicit rule search has not been done.
#  Modification time never checked.
#  File has not been updated.

# Not a target:
all:
#  Command line target.
#  Implicit rule search has been done.
#  File does not exist.
#  File has not been updated.

# Not a target:
makefile:
#  Implicit rule search has been done.
#  File does not exist.
#  File has been updated.
#  Failed to be updated.

# Not a target:
GNUmakefile:
#  Implicit rule search has been done.
#  File does not exist.
#  File has been updated.
#  Failed to be updated.

# files hash-table stats:
# Load=6/1024=1%, Rehash=0, Collisions=0/15=0%
# VPATH Search Paths

# No 'vpath' search paths.

# No general ('VPATH' variable) search path.

# strcache buffers: 1 (0) / strings = 20 / storage = 195 B / avg = 9 B
# current buf: size = 8162 B / used = 195 B / count = 20 / avg = 9 B

# strcache performance: lookups = 23 / hit rate = 13%
 
# hash-table stats:
# Load=20/8192=0%, Rehash=0, Collisions=0/23=0%
# Finished Make data base on Sun Jun 26 08:51:57 2022

 
